<?xml version="1.0" encoding="UTF-8"?>
<testng-results ignored="0" total="1" passed="1" failed="0" skipped="0">
  <reporter-output>
  </reporter-output>
  <suite started-at="2024-03-16T14:52:17 IST" name="Hybrid_Framework" finished-at="2024-03-16T14:52:24 IST" duration-ms="7152">
    <groups>
    </groups>
    <test started-at="2024-03-16T14:52:17 IST" name="BankingApp Test" finished-at="2024-03-16T14:52:24 IST" duration-ms="7152">
      <class name="test_Cases.TC_LoginTest_001">
        <test-method is-config="true" signature="setup(java.lang.String)[pri:0, instance:test_Cases.TC_LoginTest_001@6475472c]" started-at="2024-03-16T14:52:17 IST" name="setup" finished-at="2024-03-16T14:52:20 IST" duration-ms="2558" status="PASS">
          <params>
            <param index="0">
              <value>
                <![CDATA[chrome]]>
              </value>
            </param>
          </params>
          <reporter-output>
          </reporter-output>
        </test-method> <!-- setup -->
        <test-method signature="loginTest()[pri:0, instance:test_Cases.TC_LoginTest_001@6475472c]" started-at="2024-03-16T14:52:20 IST" name="loginTest" finished-at="2024-03-16T14:52:24 IST" duration-ms="4359" status="PASS">
          <reporter-output>
          </reporter-output>
        </test-method> <!-- loginTest -->
        <test-method is-config="true" signature="tearDown()[pri:0, instance:test_Cases.TC_LoginTest_001@6475472c]" started-at="2024-03-16T14:52:24 IST" name="tearDown" finished-at="2024-03-16T14:52:24 IST" duration-ms="179" status="PASS">
          <reporter-output>
          </reporter-output>
        </test-method> <!-- tearDown -->
      </class> <!-- test_Cases.TC_LoginTest_001 -->
    </test> <!-- BankingApp Test -->
  </suite> <!-- Hybrid_Framework -->
</testng-results>
